2019-05-15 22:45:23.563  INFO 1564 --- [main] c.z.s.SchoolrelationApplicationTests     : No active profile set, falling back to default profiles: default
2019-05-15 22:45:24.170  INFO 1564 --- [main] .s.d.r.c.RepositoryConfigurationDelegate : Multiple Spring Data modules found, entering strict repository configuration mode!
2019-05-15 22:45:24.172  INFO 1564 --- [main] .s.d.r.c.RepositoryConfigurationDelegate : Bootstrapping Spring Data repositories in DEFAULT mode.
2019-05-15 22:45:24.188  INFO 1564 --- [main] .s.d.r.c.RepositoryConfigurationDelegate : Finished Spring Data repository scanning in 6ms. Found 0 repository interfaces.
2019-05-15 22:45:24.282  WARN 1564 --- [main] o.s.boot.actuate.endpoint.EndpointId     : Endpoint ID 'service-registry' contains invalid characters, please migrate to a valid format.
2019-05-15 22:45:24.463  INFO 1564 --- [main] o.s.cloud.context.scope.GenericScope     : BeanFactory id=c4e8550e-4f92-3bfe-b8a3-e8a258280144
2019-05-15 22:45:24.554  INFO 1564 --- [main] trationDelegate$BeanPostProcessorChecker : Bean 'org.springframework.ws.config.annotation.DelegatingWsConfiguration' of type [org.springframework.ws.config.annotation.DelegatingWsConfiguration$$EnhancerBySpringCGLIB$$3ba7d8de] is not eligible for getting processed by all BeanPostProcessors (for example: not eligible for auto-proxying)
2019-05-15 22:45:24.579  INFO 1564 --- [main] .w.s.a.s.AnnotationActionEndpointMapping : Supporting [WS-Addressing August 2004, WS-Addressing 1.0]
2019-05-15 22:45:24.607  INFO 1564 --- [main] trationDelegate$BeanPostProcessorChecker : Bean 'org.springframework.transaction.annotation.ProxyTransactionManagementConfiguration' of type [org.springframework.transaction.annotation.ProxyTransactionManagementConfiguration$$EnhancerBySpringCGLIB$$971013df] is not eligible for getting processed by all BeanPostProcessors (for example: not eligible for auto-proxying)
2019-05-15 22:45:24.639  INFO 1564 --- [main] trationDelegate$BeanPostProcessorChecker : Bean 'spring.datasource.dynamic-com.baomidou.dynamic.datasource.spring.boot.autoconfigure.DynamicDataSourceProperties' of type [com.baomidou.dynamic.datasource.spring.boot.autoconfigure.DynamicDataSourceProperties] is not eligible for getting processed by all BeanPostProcessors (for example: not eligible for auto-proxying)
2019-05-15 22:45:24.640  INFO 1564 --- [main] trationDelegate$BeanPostProcessorChecker : Bean 'com.baomidou.dynamic.datasource.spring.boot.autoconfigure.DynamicDataSourceAutoConfiguration' of type [com.baomidou.dynamic.datasource.spring.boot.autoconfigure.DynamicDataSourceAutoConfiguration$$EnhancerBySpringCGLIB$$9e84b0] is not eligible for getting processed by all BeanPostProcessors (for example: not eligible for auto-proxying)
2019-05-15 22:45:24.645  INFO 1564 --- [main] trationDelegate$BeanPostProcessorChecker : Bean 'dsProcessor' of type [com.baomidou.dynamic.datasource.processor.DsHeaderProcessor] is not eligible for getting processed by all BeanPostProcessors (for example: not eligible for auto-proxying)
2019-05-15 22:45:24.684  INFO 1564 --- [main] trationDelegate$BeanPostProcessorChecker : Bean 'dynamicDatasourceAnnotationAdvisor' of type [com.baomidou.dynamic.datasource.aop.DynamicDataSourceAnnotationAdvisor] is not eligible for getting processed by all BeanPostProcessors (for example: not eligible for auto-proxying)
2019-05-15 22:45:24.697  INFO 1564 --- [main] trationDelegate$BeanPostProcessorChecker : Bean 'org.springframework.cloud.autoconfigure.ConfigurationPropertiesRebinderAutoConfiguration' of type [org.springframework.cloud.autoconfigure.ConfigurationPropertiesRebinderAutoConfiguration$$EnhancerBySpringCGLIB$$b32a16dc] is not eligible for getting processed by all BeanPostProcessors (for example: not eligible for auto-proxying)
2019-05-15 22:45:24.768  INFO 1564 --- [main] c.b.d.d.DynamicDataSourceCreator         : 动态数据源-检测到druid存在,如配置中未指定type,druid会默认配置
2019-05-15 22:45:24.834  INFO 1564 --- [main] com.alibaba.druid.pool.DruidDataSource   : {dataSource-1,master} inited
2019-05-15 22:45:24.837  INFO 1564 --- [main] com.alibaba.druid.pool.DruidDataSource   : {dataSource-2,slave_1} inited
2019-05-15 22:45:24.839  INFO 1564 --- [main] com.alibaba.druid.pool.DruidDataSource   : {dataSource-3,slave_2} inited
2019-05-15 22:45:24.840  INFO 1564 --- [main] c.b.d.d.DynamicRoutingDataSource         : 初始共加载 3 个数据源
2019-05-15 22:45:24.840  INFO 1564 --- [main] c.b.d.d.DynamicRoutingDataSource         : 动态数据源-加载 slave_2 成功
2019-05-15 22:45:24.840  INFO 1564 --- [main] c.b.d.d.DynamicRoutingDataSource         : 动态数据源-加载 master 成功
2019-05-15 22:45:24.840  INFO 1564 --- [main] c.b.d.d.DynamicRoutingDataSource         : 动态数据源-加载 slave_1 成功
2019-05-15 22:45:24.840  INFO 1564 --- [main] c.b.d.d.DynamicRoutingDataSource         : 当前的默认数据源是单数据源，数据源名为 master
2019-05-15 22:45:25.345  WARN 1564 --- [main] c.n.c.sources.URLConfigurationSource     : No URLs will be polled as dynamic configuration sources.
2019-05-15 22:45:25.345  INFO 1564 --- [main] c.n.c.sources.URLConfigurationSource     : To enable URLs as dynamic configuration sources, define System property archaius.configurationSource.additionalUrls or make config.properties available on classpath.
2019-05-15 22:45:25.350  WARN 1564 --- [main] c.n.c.sources.URLConfigurationSource     : No URLs will be polled as dynamic configuration sources.
2019-05-15 22:45:25.350  INFO 1564 --- [main] c.n.c.sources.URLConfigurationSource     : To enable URLs as dynamic configuration sources, define System property archaius.configurationSource.additionalUrls or make config.properties available on classpath.
2019-05-15 22:45:25.888  INFO 1564 --- [main] o.s.s.concurrent.ThreadPoolTaskExecutor  : Initializing ExecutorService 'applicationTaskExecutor'
2019-05-15 22:45:28.749  INFO 1564 --- [main] o.s.cloud.commons.util.InetUtils         : Cannot determine local hostname
2019-05-15 22:45:31.790  INFO 1564 --- [main] o.s.cloud.commons.util.InetUtils         : Cannot determine local hostname
2019-05-15 22:45:31.942  INFO 1564 --- [main] o.s.b.a.e.web.EndpointLinksResolver      : Exposing 2 endpoint(s) beneath base path '/actuator'
2019-05-15 22:45:32.012  INFO 1564 --- [main] c.z.s.SchoolrelationApplicationTests     : Started SchoolrelationApplicationTests in 11.378 seconds (JVM running for 12.043)
2019-05-15 22:45:32.335  INFO 1564 --- [Thread-5] o.s.c.n.eureka.InstanceInfoFactory       : Setting initial instance status as: STARTING
2019-05-15 22:45:32.337  INFO 1564 --- [Thread-5] o.s.c.n.e.s.EurekaServiceRegistry        : Unregistering application SCHOOLRELATION-SERVICE with eureka with status DOWN
2019-05-15 22:45:32.347  INFO 1564 --- [Thread-5] o.s.s.concurrent.ThreadPoolTaskExecutor  : Shutting down ExecutorService 'applicationTaskExecutor'
2019-05-15 22:45:32.349  INFO 1564 --- [Thread-5] c.b.d.d.DynamicRoutingDataSource         : closing dynamicDatasource  ing....
2019-05-15 22:45:32.351  INFO 1564 --- [Thread-5] com.alibaba.druid.pool.DruidDataSource   : {dataSource-3} closed
2019-05-15 22:45:32.353  INFO 1564 --- [Thread-5] com.alibaba.druid.pool.DruidDataSource   : {dataSource-1} closed
2019-05-15 22:45:32.353  INFO 1564 --- [Thread-5] com.alibaba.druid.pool.DruidDataSource   : {dataSource-2} closed
2019-05-15 22:51:38.367  INFO 92 --- [main] c.z.s.SchoolrelationApplicationTests     : No active profile set, falling back to default profiles: default
2019-05-15 22:51:38.950  INFO 92 --- [main] .s.d.r.c.RepositoryConfigurationDelegate : Multiple Spring Data modules found, entering strict repository configuration mode!
2019-05-15 22:51:38.952  INFO 92 --- [main] .s.d.r.c.RepositoryConfigurationDelegate : Bootstrapping Spring Data repositories in DEFAULT mode.
2019-05-15 22:51:38.966  INFO 92 --- [main] .s.d.r.c.RepositoryConfigurationDelegate : Finished Spring Data repository scanning in 6ms. Found 0 repository interfaces.
2019-05-15 22:51:39.062  WARN 92 --- [main] o.s.boot.actuate.endpoint.EndpointId     : Endpoint ID 'service-registry' contains invalid characters, please migrate to a valid format.
2019-05-15 22:51:39.246  INFO 92 --- [main] o.s.cloud.context.scope.GenericScope     : BeanFactory id=c4e8550e-4f92-3bfe-b8a3-e8a258280144
2019-05-15 22:51:39.336  INFO 92 --- [main] trationDelegate$BeanPostProcessorChecker : Bean 'org.springframework.ws.config.annotation.DelegatingWsConfiguration' of type [org.springframework.ws.config.annotation.DelegatingWsConfiguration$$EnhancerBySpringCGLIB$$3ba7d8de] is not eligible for getting processed by all BeanPostProcessors (for example: not eligible for auto-proxying)
2019-05-15 22:51:39.361  INFO 92 --- [main] .w.s.a.s.AnnotationActionEndpointMapping : Supporting [WS-Addressing August 2004, WS-Addressing 1.0]
2019-05-15 22:51:39.388  INFO 92 --- [main] trationDelegate$BeanPostProcessorChecker : Bean 'org.springframework.transaction.annotation.ProxyTransactionManagementConfiguration' of type [org.springframework.transaction.annotation.ProxyTransactionManagementConfiguration$$EnhancerBySpringCGLIB$$971013df] is not eligible for getting processed by all BeanPostProcessors (for example: not eligible for auto-proxying)
2019-05-15 22:51:39.423  INFO 92 --- [main] trationDelegate$BeanPostProcessorChecker : Bean 'spring.datasource.dynamic-com.baomidou.dynamic.datasource.spring.boot.autoconfigure.DynamicDataSourceProperties' of type [com.baomidou.dynamic.datasource.spring.boot.autoconfigure.DynamicDataSourceProperties] is not eligible for getting processed by all BeanPostProcessors (for example: not eligible for auto-proxying)
2019-05-15 22:51:39.424  INFO 92 --- [main] trationDelegate$BeanPostProcessorChecker : Bean 'com.baomidou.dynamic.datasource.spring.boot.autoconfigure.DynamicDataSourceAutoConfiguration' of type [com.baomidou.dynamic.datasource.spring.boot.autoconfigure.DynamicDataSourceAutoConfiguration$$EnhancerBySpringCGLIB$$9e84b0] is not eligible for getting processed by all BeanPostProcessors (for example: not eligible for auto-proxying)
2019-05-15 22:51:39.429  INFO 92 --- [main] trationDelegate$BeanPostProcessorChecker : Bean 'dsProcessor' of type [com.baomidou.dynamic.datasource.processor.DsHeaderProcessor] is not eligible for getting processed by all BeanPostProcessors (for example: not eligible for auto-proxying)
2019-05-15 22:51:39.434  INFO 92 --- [main] trationDelegate$BeanPostProcessorChecker : Bean 'dynamicDatasourceAnnotationAdvisor' of type [com.baomidou.dynamic.datasource.aop.DynamicDataSourceAnnotationAdvisor] is not eligible for getting processed by all BeanPostProcessors (for example: not eligible for auto-proxying)
2019-05-15 22:51:39.449  INFO 92 --- [main] trationDelegate$BeanPostProcessorChecker : Bean 'org.springframework.cloud.autoconfigure.ConfigurationPropertiesRebinderAutoConfiguration' of type [org.springframework.cloud.autoconfigure.ConfigurationPropertiesRebinderAutoConfiguration$$EnhancerBySpringCGLIB$$b32a16dc] is not eligible for getting processed by all BeanPostProcessors (for example: not eligible for auto-proxying)
2019-05-15 22:51:39.520  INFO 92 --- [main] c.b.d.d.DynamicDataSourceCreator         : 动态数据源-检测到druid存在,如配置中未指定type,druid会默认配置
2019-05-15 22:51:39.621  INFO 92 --- [main] com.alibaba.druid.pool.DruidDataSource   : {dataSource-1,master} inited
2019-05-15 22:51:39.624  INFO 92 --- [main] com.alibaba.druid.pool.DruidDataSource   : {dataSource-2,slave_1} inited
2019-05-15 22:51:39.626  INFO 92 --- [main] com.alibaba.druid.pool.DruidDataSource   : {dataSource-3,slave_2} inited
2019-05-15 22:51:39.626  INFO 92 --- [main] c.b.d.d.DynamicRoutingDataSource         : 初始共加载 3 个数据源
2019-05-15 22:51:39.627  INFO 92 --- [main] c.b.d.d.DynamicRoutingDataSource         : 动态数据源-加载 slave_2 成功
2019-05-15 22:51:39.627  INFO 92 --- [main] c.b.d.d.DynamicRoutingDataSource         : 动态数据源-加载 master 成功
2019-05-15 22:51:39.627  INFO 92 --- [main] c.b.d.d.DynamicRoutingDataSource         : 动态数据源-加载 slave_1 成功
2019-05-15 22:51:39.627  INFO 92 --- [main] c.b.d.d.DynamicRoutingDataSource         : 当前的默认数据源是单数据源，数据源名为 master
2019-05-15 22:51:40.160  WARN 92 --- [main] c.n.c.sources.URLConfigurationSource     : No URLs will be polled as dynamic configuration sources.
2019-05-15 22:51:40.160  INFO 92 --- [main] c.n.c.sources.URLConfigurationSource     : To enable URLs as dynamic configuration sources, define System property archaius.configurationSource.additionalUrls or make config.properties available on classpath.
2019-05-15 22:51:40.167  WARN 92 --- [main] c.n.c.sources.URLConfigurationSource     : No URLs will be polled as dynamic configuration sources.
2019-05-15 22:51:40.167  INFO 92 --- [main] c.n.c.sources.URLConfigurationSource     : To enable URLs as dynamic configuration sources, define System property archaius.configurationSource.additionalUrls or make config.properties available on classpath.
2019-05-15 22:51:40.700  INFO 92 --- [main] o.s.s.concurrent.ThreadPoolTaskExecutor  : Initializing ExecutorService 'applicationTaskExecutor'
2019-05-15 22:51:43.576  INFO 92 --- [main] o.s.cloud.commons.util.InetUtils         : Cannot determine local hostname
2019-05-15 22:51:46.645  INFO 92 --- [main] o.s.cloud.commons.util.InetUtils         : Cannot determine local hostname
2019-05-15 22:51:46.792  INFO 92 --- [main] o.s.b.a.e.web.EndpointLinksResolver      : Exposing 2 endpoint(s) beneath base path '/actuator'
2019-05-15 22:51:46.864  INFO 92 --- [main] c.z.s.SchoolrelationApplicationTests     : Started SchoolrelationApplicationTests in 11.467 seconds (JVM running for 12.094)
2019-05-15 22:51:47.031 DEBUG 92 --- [main] c.z.s.mp.mapper.StudentsMapper.insert    : ==>  Preparing: INSERT INTO students ( name, address, age, sex, teacher, last_name ) VALUES ( ?, ?, ?, ?, ?, ? ) 
2019-05-15 22:51:47.155 DEBUG 92 --- [main] c.z.s.mp.mapper.StudentsMapper.insert    : ==> Parameters: zu(String), 深圳(String), 18(Integer), 男(String), 2(Integer), z(String)
2019-05-15 22:51:47.160 DEBUG 92 --- [main] c.z.s.mp.mapper.StudentsMapper.insert    : <==    Updates: 1
2019-05-15 22:51:47.190  INFO 92 --- [Thread-5] o.s.c.n.eureka.InstanceInfoFactory       : Setting initial instance status as: STARTING
2019-05-15 22:51:47.192  INFO 92 --- [Thread-5] o.s.c.n.e.s.EurekaServiceRegistry        : Unregistering application SCHOOLRELATION-SERVICE with eureka with status DOWN
2019-05-15 22:51:47.203  INFO 92 --- [Thread-5] o.s.s.concurrent.ThreadPoolTaskExecutor  : Shutting down ExecutorService 'applicationTaskExecutor'
2019-05-15 22:51:47.204  INFO 92 --- [Thread-5] c.b.d.d.DynamicRoutingDataSource         : closing dynamicDatasource  ing....
2019-05-15 22:51:47.206  INFO 92 --- [Thread-5] com.alibaba.druid.pool.DruidDataSource   : {dataSource-3} closed
2019-05-15 22:51:47.208  INFO 92 --- [Thread-5] com.alibaba.druid.pool.DruidDataSource   : {dataSource-1} closed
2019-05-15 22:51:47.208  INFO 92 --- [Thread-5] com.alibaba.druid.pool.DruidDataSource   : {dataSource-2} closed
